<?xml version="1.0" encoding="UTF-8"?>
<!-- Generated by org.testng.reporters.JUnitReportReporter -->
<testsuite hostname="HARISH" failures="0" tests="2" name="test.testng1" time="0.010" errors="0" timestamp="2023-04-27T11:18:50 IST" skipped="0">
  <testcase classname="test.testng1" name="f" time="0.002"/>
  <system-out/>
  <testcase classname="test.testng1" name="f" time="0.008"/>
  <system-out/>
</testsuite> <!-- test.testng1 -->
