<?xml version="1.0" encoding="UTF-8"?>
<!-- Generated by org.testng.reporters.JUnitReportReporter -->
<testsuite hostname="HARISH" failures="0" tests="1" name="test.task5" time="13.157" errors="0" timestamp="2023-04-27T15:56:14 IST" skipped="0">
  <testcase classname="test.task5" name="Task1" time="13.157"/>
  <system-out/>
</testsuite> <!-- test.task5 -->
