<?xml version="1.0" encoding="UTF-8"?>
<!-- Generated by org.testng.reporters.JUnitReportReporter -->
<testsuite hostname="HARISH" failures="0" tests="4" name="test.ce2" time="0.015" errors="0" timestamp="2023-04-27T15:10:24 IST" skipped="0">
  <testcase classname="test.ce2" name="subtract" time="0.001"/>
  <system-out/>
  <testcase classname="test.ce2" name="multiply" time="0.003"/>
  <system-out/>
  <testcase classname="test.ce2" name="add" time="0.010"/>
  <system-out/>
  <testcase classname="test.ce2" name="divide" time="0.001"/>
  <system-out/>
</testsuite> <!-- test.ce2 -->
