<?xml version="1.0" encoding="UTF-8"?>
<!-- Generated by org.testng.reporters.JUnitReportReporter -->
<testsuite hostname="HARISH" failures="0" tests="1" name="test.ce3" time="65.578" errors="0" timestamp="2023-04-27T14:42:45 IST" skipped="0">
  <testcase classname="test.ce3" name="openURL" time="65.578"/>
  <system-out/>
</testsuite> <!-- test.ce3 -->
