<?xml version="1.0" encoding="UTF-8"?>
<!-- Generated by org.testng.reporters.JUnitReportReporter -->
<testsuite hostname="HARISH" failures="0" tests="1" name="test.task3" time="0.010" errors="0" timestamp="2023-05-02T12:14:44 IST" skipped="0">
  <testcase classname="test.task3" name="f" time="0.010"/>
  <system-out/>
</testsuite> <!-- test.task3 -->
