<?xml version="1.0" encoding="UTF-8"?>
<!-- Generated by org.testng.reporters.JUnitReportReporter -->
<testsuite hostname="HARISH" failures="0" tests="8" name="test.task1" time="0.010" errors="0" timestamp="2023-05-02T10:12:55 IST" skipped="0">
  <testcase classname="test.task1" name="sub" time="0.000"/>
  <system-out/>
  <testcase classname="test.task1" name="sub" time="0.001"/>
  <system-out/>
  <testcase classname="test.task1" name="mul" time="0.001"/>
  <system-out/>
  <testcase classname="test.task1" name="add" time="0.001"/>
  <system-out/>
  <testcase classname="test.task1" name="div" time="0.001"/>
  <system-out/>
  <testcase classname="test.task1" name="add" time="0.005"/>
  <system-out/>
  <testcase classname="test.task1" name="div" time="0.001"/>
  <system-out/>
  <testcase classname="test.task1" name="mul" time="0.000"/>
  <system-out/>
</testsuite> <!-- test.task1 -->
